<?xml version="1.0" encoding="UTF-8"?>
<testsuite name="com.example.springbootoauth2.JasyptTest" tests="1" skipped="0" failures="0" errors="0" timestamp="2022-08-11T07:16:59" hostname="payhada-userui-MacBookPro.local" time="0.263">
  <properties/>
  <testcase name="jasyptTest()" classname="com.example.springbootoauth2.JasyptTest" time="0.263"/>
  <system-out><![CDATA[encryptGoogleId : uykeVCqSFAMbubWgp+GTTNR6oEwpg7NBLVkLsY8SUoG+qRRM9t5CVtx8WzWR2WF4CaKwoT4gj7Ynm/nNz2x7SOFnHukRDFLDhpgQoMZ9vL62Z4IWsH2OFw==
decryptGoogleId : 763433673008-me7v73cih8g7a3qf3agl51fpitcen5js.apps.googleusercontent.com
encryptGoogleSecret : SC11YHX/p4RRuUx+h32l0e8K2JKn1Rg6VGGFEJZpxg4fdTiJhqksfg==
decryptGoogleSecret : w6WySmhZFC3X4rJrvjQSRGTT
encryptNaverId : W5SDEF5BC72R+kRnvTyP1ZkNC1RVWuvUuPmdNYTaD98=
decryptNaverId : QlsEpBY0sEHx8MKirMX9
encryptNaverSecret : CWzlHw1OiJWkvyC+edolftjFW9/F0Nw9
decryptNaverSecret : qoaI880Hv6
encryptKakaoId : +t6g7VQzDXwrEmUa/l1F9HwrevAT3Ufkp4FvIpTb5OrXdMBC2xVf+GAeitIwskTo
decryptKakaoId : 939cf240739da8fa5908d7fb69668353
encryptKakaoSecret : QU3Dql07Hxn9Oyu4foXOGoW2+HOKmM+YYF/hBLzeEI1CQo/aT9aOF1jYmPgrNHsl
decryptKakaoSecret : E4w8f2AwTne3lxGBzImtjmKocvrM3ETa
]]></system-out>
  <system-err><![CDATA[]]></system-err>
</testsuite>
